<?xml version="1.0" encoding="utf-8" ?>
<!DOCTYPE html PUBLIC "-//W3C//DTD XHTML 1.0 Strict//EN"
        "http://www.w3.org/TR/xhtml1/DTD/xhtml1-strict.dtd">
<html xmlns="http://www.w3.org/1999/xhtml" xml:lang="" lang="">
<head>
  <title>Test Results Report - Run on CHROME</title>
  <meta http-equiv="Content-Type" content="text/html;charset=utf-8" />
  <meta name="description" content="TestNG unit test results." />
  <link href="reportng.css" rel="stylesheet" type="text/css" />
    <script type="text/javascript" src="reportng.js"></script>
</head>
<body>
<h1>Run on CHROME</h1>
<p>
  Test duration: 31.056s
</p>



  <table class="resultsTable">
    <tr><th colspan="3" class="header failed">Failed Tests</th></tr>
          <tr>
        <td colspan="3" class="group">alpaca.baolong.users.Authentication_Login</td>
      </tr>
            
<tr>
  <td class="method">
                  Testcase_03_Sign_In_Wrong_User_Name
      </td>
  <td class="duration">
    1.484s
  </td>
  <td class="result">
        
    
            <div class="testOutput">
                        2020-11-13 17:44:34,951 INFO  commons.Logger - Testcase_03_Sign_In_Wrong_User_Name - STEP 01: Input wrong User Name

                                2020-11-13 17:44:35,147 INFO  commons.Logger - Testcase_03_Sign_In_Wrong_User_Name - STEP 02: Input Password

                                2020-11-13 17:44:35,364 INFO  commons.Logger - Testcase_03_Sign_In_Wrong_User_Name - STEP 03: Click on [Đăng Nhập] button

                                2020-11-13 17:44:35,489 INFO  commons.Logger - Testcase_03_Sign_In_Wrong_User_Name - VP: [The user credentials were incorrect.] error displays

                                2020-11-13 17:44:36,433 INFO  commons.Logger -  -------------------------- FAILED -------------------------- 

                                2020-11-13 17:44:36,435 INFO  commons.Logger - ---------- Testcase_03_Sign_In_Wrong_User_Name FAILED test case ----------

                                <br><a target="_blank" href="file:///D:\alpaca_automation\ReportNGScreenShots\Testcase_03_Sign_In_Wrong_User_Name_13_11_2020_05_44_36.png"><img src="file:///D:\alpaca_automation\ReportNGScreenShots\Testcase_03_Sign_In_Wrong_User_Name_13_11_2020_05_44_36.png" height='100' width='150'/> </a></br>
                  </div>
    

        <a href="javascript:toggleElement('exception-0', 'block')" title="Click to expand/collapse"><b>java.lang.AssertionError: expected [The user credentials were incorrect.] but found [Đăng nhập không thành công]</b></a><br />
    <div class="stackTrace" id="exception-0">
              org.testng.Assert.fail(Assert.java:94)<br />
              org.testng.Assert.failNotEquals(Assert.java:513)<br />
              org.testng.Assert.assertEqualsImpl(Assert.java:135)<br />
              org.testng.Assert.assertEquals(Assert.java:116)<br />
              org.testng.Assert.assertEquals(Assert.java:179)<br />
              commons.AbstractPage.checkEquals(AbstractPage.java:626)<br />
              commons.AbstractTest.verifyEquals(AbstractTest.java:116)<br />
              alpaca.baolong.users.Authentication_Login.Testcase_03_Sign_In_Wrong_User_Name(Authentication_Login.java:74)<br />
              sun.reflect.NativeMethodAccessorImpl.invoke0(Native Method)<br />
              sun.reflect.NativeMethodAccessorImpl.invoke(Unknown Source)<br />
              sun.reflect.DelegatingMethodAccessorImpl.invoke(Unknown Source)<br />
              java.lang.reflect.Method.invoke(Unknown Source)<br />
              org.testng.internal.MethodInvocationHelper.invokeMethod(MethodInvocationHelper.java:86)<br />
              org.testng.internal.Invoker.invokeMethod(Invoker.java:643)<br />
              org.testng.internal.Invoker.invokeTestMethod(Invoker.java:820)<br />
              org.testng.internal.Invoker.invokeTestMethods(Invoker.java:1128)<br />
              org.testng.internal.TestMethodWorker.invokeTestMethods(TestMethodWorker.java:129)<br />
              org.testng.internal.TestMethodWorker.run(TestMethodWorker.java:112)<br />
              org.testng.TestRunner.privateRun(TestRunner.java:782)<br />
              org.testng.TestRunner.run(TestRunner.java:632)<br />
              org.testng.SuiteRunner.runTest(SuiteRunner.java:366)<br />
              org.testng.SuiteRunner.runSequentially(SuiteRunner.java:361)<br />
              org.testng.SuiteRunner.privateRun(SuiteRunner.java:319)<br />
              org.testng.SuiteRunner.run(SuiteRunner.java:268)<br />
              org.testng.SuiteRunnerWorker.runSuite(SuiteRunnerWorker.java:52)<br />
              org.testng.SuiteRunnerWorker.run(SuiteRunnerWorker.java:86)<br />
              org.testng.TestNG.runSuitesSequentially(TestNG.java:1244)<br />
              org.testng.TestNG.runSuitesLocally(TestNG.java:1169)<br />
              org.testng.TestNG.run(TestNG.java:1064)<br />
              org.testng.remote.AbstractRemoteTestNG.run(AbstractRemoteTestNG.java:115)<br />
              org.testng.remote.RemoteTestNG.initAndRun(RemoteTestNG.java:251)<br />
              org.testng.remote.RemoteTestNG.main(RemoteTestNG.java:77)<br />
                </div>
      </td>
</tr>
<tr>
  <td class="method">
                  Testcase_04_Sign_In_Wrong_Password
      </td>
  <td class="duration">
    1.436s
  </td>
  <td class="result">
        
    
            <div class="testOutput">
                        2020-11-13 17:44:43,438 INFO  commons.Logger - Testcase_04_Sign_In_Wrong_Password - STEP 01: Input User Name

                                2020-11-13 17:44:43,638 INFO  commons.Logger - Testcase_04_Sign_In_Wrong_Password - STEP 02: Input Password

                                2020-11-13 17:44:43,827 INFO  commons.Logger - Testcase_04_Sign_In_Wrong_Password - STEP 03: Click on [Đăng Nhập] button

                                2020-11-13 17:44:43,932 INFO  commons.Logger - Testcase_04_Sign_In_Wrong_Password - VP: [The user credentials were incorrect.] error displays

                                2020-11-13 17:44:44,872 INFO  commons.Logger -  -------------------------- FAILED -------------------------- 

                                2020-11-13 17:44:44,873 INFO  commons.Logger - ---------- Testcase_04_Sign_In_Wrong_Password FAILED test case ----------

                                <br><a target="_blank" href="file:///D:\alpaca_automation\ReportNGScreenShots\Testcase_04_Sign_In_Wrong_Password_13_11_2020_05_44_44.png"><img src="file:///D:\alpaca_automation\ReportNGScreenShots\Testcase_04_Sign_In_Wrong_Password_13_11_2020_05_44_44.png" height='100' width='150'/> </a></br>
                  </div>
    

        <a href="javascript:toggleElement('exception-1', 'block')" title="Click to expand/collapse"><b>java.lang.AssertionError: expected [The user credentials were incorrect.] but found [Đăng nhập không thành công]</b></a><br />
    <div class="stackTrace" id="exception-1">
              org.testng.Assert.fail(Assert.java:94)<br />
              org.testng.Assert.failNotEquals(Assert.java:513)<br />
              org.testng.Assert.assertEqualsImpl(Assert.java:135)<br />
              org.testng.Assert.assertEquals(Assert.java:116)<br />
              org.testng.Assert.assertEquals(Assert.java:179)<br />
              commons.AbstractPage.checkEquals(AbstractPage.java:626)<br />
              commons.AbstractTest.verifyEquals(AbstractTest.java:116)<br />
              alpaca.baolong.users.Authentication_Login.Testcase_04_Sign_In_Wrong_Password(Authentication_Login.java:89)<br />
              sun.reflect.NativeMethodAccessorImpl.invoke0(Native Method)<br />
              sun.reflect.NativeMethodAccessorImpl.invoke(Unknown Source)<br />
              sun.reflect.DelegatingMethodAccessorImpl.invoke(Unknown Source)<br />
              java.lang.reflect.Method.invoke(Unknown Source)<br />
              org.testng.internal.MethodInvocationHelper.invokeMethod(MethodInvocationHelper.java:86)<br />
              org.testng.internal.Invoker.invokeMethod(Invoker.java:643)<br />
              org.testng.internal.Invoker.invokeTestMethod(Invoker.java:820)<br />
              org.testng.internal.Invoker.invokeTestMethods(Invoker.java:1128)<br />
              org.testng.internal.TestMethodWorker.invokeTestMethods(TestMethodWorker.java:129)<br />
              org.testng.internal.TestMethodWorker.run(TestMethodWorker.java:112)<br />
              org.testng.TestRunner.privateRun(TestRunner.java:782)<br />
              org.testng.TestRunner.run(TestRunner.java:632)<br />
              org.testng.SuiteRunner.runTest(SuiteRunner.java:366)<br />
              org.testng.SuiteRunner.runSequentially(SuiteRunner.java:361)<br />
              org.testng.SuiteRunner.privateRun(SuiteRunner.java:319)<br />
              org.testng.SuiteRunner.run(SuiteRunner.java:268)<br />
              org.testng.SuiteRunnerWorker.runSuite(SuiteRunnerWorker.java:52)<br />
              org.testng.SuiteRunnerWorker.run(SuiteRunnerWorker.java:86)<br />
              org.testng.TestNG.runSuitesSequentially(TestNG.java:1244)<br />
              org.testng.TestNG.runSuitesLocally(TestNG.java:1169)<br />
              org.testng.TestNG.run(TestNG.java:1064)<br />
              org.testng.remote.AbstractRemoteTestNG.run(AbstractRemoteTestNG.java:115)<br />
              org.testng.remote.RemoteTestNG.initAndRun(RemoteTestNG.java:251)<br />
              org.testng.remote.RemoteTestNG.main(RemoteTestNG.java:77)<br />
                </div>
      </td>
</tr>
      </table>


  <table class="resultsTable">
    <tr><th colspan="3" class="header passed">Passed Tests</th></tr>
          <tr>
        <td colspan="3" class="group">alpaca.baolong.users.Authentication_Login</td>
      </tr>
            
<tr>
  <td class="method">
                  Testcase_01_Sign_In_Successfully
      </td>
  <td class="duration">
    0.508s
  </td>
  <td class="result">
        
    
            <div class="testOutput">
                        2020-11-13 17:44:20,879 INFO  commons.Logger - Testcase_01_Sign_In_Successfully - STEP 01: Enter corect user name and password

                                2020-11-13 17:44:21,250 INFO  commons.Logger - Testcase_01_Sign_In_Successfully - STEP 02: Click on [Đăng Nhập] button

                                2020-11-13 17:44:21,377 INFO  commons.Logger - ---------- Testcase_01_Sign_In_Successfully SUCCESS test case ----------

                                <br>
                  </div>
    

      </td>
</tr>
<tr>
  <td class="method">
                  Testcase_02_Sign_In_Failed_Missing_All_Fields
      </td>
  <td class="duration">
    0.264s
  </td>
  <td class="result">
        
    
            <div class="testOutput">
                        2020-11-13 17:44:27,929 INFO  commons.Logger - Testcase_02_Sign_In_Failed_Missing_All_Fields - STEP 01: Click on [Đăng Nhập] button

                                2020-11-13 17:44:28,049 INFO  commons.Logger - Testcase_02_Sign_In_Failed_Missing_All_Fields - VP: [Trường thông tin bắt buộc] error displays on User Name field

                                2020-11-13 17:44:28,130 INFO  commons.Logger -  -------------------------- PASSED -------------------------- 

                                2020-11-13 17:44:28,130 INFO  commons.Logger - Testcase_02_Sign_In_Failed_Missing_All_Fields - VP: [Trường thông tin bắt buộc] error displays on Password field

                                2020-11-13 17:44:28,191 INFO  commons.Logger -  -------------------------- PASSED -------------------------- 

                                2020-11-13 17:44:28,192 INFO  commons.Logger - ---------- Testcase_02_Sign_In_Failed_Missing_All_Fields SUCCESS test case ----------

                                <br>
                  </div>
    

      </td>
</tr>
      </table>
  
</body>
</html>
